<?xml version="1.0" encoding="UTF-8"?>
<!-- Generated by org.testng.reporters.JUnitReportReporter -->
<testsuite hostname="Bhagyalakshmi" failures="0" tests="1" name="AdvancedScenarios.HandlingSVGElements" time="7.962" errors="0" timestamp="2024-08-13T15:23:33 IST" skipped="0">
  <testcase classname="AdvancedScenarios.HandlingSVGElements" name="HandlingSVGElements" time="7.962"/>
</testsuite> <!-- AdvancedScenarios.HandlingSVGElements -->
