<?xml version="1.0" encoding="UTF-8"?>
<!-- Generated by org.testng.reporters.JUnitReportReporter -->
<testsuite hostname="Bhagyalakshmi" failures="0" tests="8" name="FrameWork.testNGframeWorkSample" time="0.014" errors="0" timestamp="2024-08-12T15:46:36 IST" skipped="1">
  <testcase classname="FrameWork.testNGframeWorkSample" name="deleteContact" time="0.001"/>
  <testcase classname="FrameWork.testNGframeWorkSample" name="changeMethod" time="0.001"/>
  <testcase classname="FrameWork.testNGframeWorkSample" name="createContact" time="0.006"/>
  <testcase classname="FrameWork.testNGframeWorkSample" name="multipleRun" time="0.002"/>
  <testcase classname="FrameWork.testNGframeWorkSample" name="multipleRun" time="0.001"/>
  <testcase classname="FrameWork.testNGframeWorkSample" name="ModifyContact" time="0.001"/>
  <testcase classname="FrameWork.testNGframeWorkSample" name="multipleRun" time="0.002"/>
  <testcase classname="FrameWork.testNGframeWorkSample" name="CompleteMethod">
    <skipped/>
  </testcase> <!-- CompleteMethod -->
</testsuite> <!-- FrameWork.testNGframeWorkSample -->
