<?xml version="1.0" encoding="UTF-8"?>
<!-- Generated by org.testng.reporters.JUnitReportReporter -->
<testsuite hostname="Bhagyalakshmi" failures="0" tests="1" name="AdvancedScenarios.Robotclass" time="3.858" errors="0" timestamp="2024-08-13T15:23:33 IST" skipped="0">
  <testcase classname="AdvancedScenarios.Robotclass" name="Robotclass" time="3.858"/>
</testsuite> <!-- AdvancedScenarios.Robotclass -->
