<?xml version="1.0" encoding="UTF-8"?>
<!-- Generated by org.testng.reporters.JUnitReportReporter -->
<testsuite hostname="Bhagyalakshmi" failures="0" tests="1" name="Frame.SwitchToMultipleFrame" time="8.810" errors="0" timestamp="2024-08-13T15:23:33 IST" skipped="0">
  <testcase classname="Frame.SwitchToMultipleFrame" name="SwitchToMultipleFrame" time="8.810"/>
</testsuite> <!-- Frame.SwitchToMultipleFrame -->
