<?xml version="1.0" encoding="UTF-8"?>
<!-- Generated by org.testng.reporters.JUnitReportReporter -->
<testsuite hostname="Bhagyalakshmi" failures="0" tests="1" name="FrameWork.ScreenShotEx" time="14.705" errors="0" timestamp="2024-08-14T15:33:23 IST" skipped="0">
  <testcase classname="FrameWork.ScreenShotEx" name="method" time="14.705"/>
</testsuite> <!-- FrameWork.ScreenShotEx -->
